<?xml version="1.0" encoding="UTF-8"?>
<testsuite name="com.spicyhome.pos.util.MoneyFormatterTest" tests="8" skipped="0" failures="0" errors="0" timestamp="2026-07-22T07:06:35" hostname="Fahims-MacBook-Pro.local" time="0.002">
  <properties/>
  <testcase name="cartItemTotal single item qty 1" classname="com.spicyhome.pos.util.MoneyFormatterTest" time="0.0"/>
  <testcase name="halalasToSar with BigDecimal" classname="com.spicyhome.pos.util.MoneyFormatterTest" time="0.0"/>
  <testcase name="halalasToSar includes SAR suffix" classname="com.spicyhome.pos.util.MoneyFormatterTest" time="0.0"/>
  <testcase name="decomposeVat round trip within 1 halala" classname="com.spicyhome.pos.util.MoneyFormatterTest" time="0.002"/>
  <testcase name="cartItemTotal computes correctly" classname="com.spicyhome.pos.util.MoneyFormatterTest" time="0.0"/>
  <testcase name="halalasToSar formats correctly" classname="com.spicyhome.pos.util.MoneyFormatterTest" time="0.0"/>
  <testcase name="decomposeVat 15 percent" classname="com.spicyhome.pos.util.MoneyFormatterTest" time="0.0"/>
  <testcase name="decomposeVat with random values" classname="com.spicyhome.pos.util.MoneyFormatterTest" time="0.0"/>
  <system-out><![CDATA[]]></system-out>
  <system-err><![CDATA[]]></system-err>
</testsuite>
