<?xml version="1.0" encoding="UTF-8"?>
<testsuite name="com.spicyhome.pos.ui.login.LoginViewModelTest" tests="10" skipped="0" failures="0" errors="0" timestamp="2026-07-22T07:06:35" hostname="Fahims-MacBook-Pro.local" time="0.131">
  <properties/>
  <testcase name="login without username shows error" classname="com.spicyhome.pos.ui.login.LoginViewModelTest" time="0.115"/>
  <testcase name="clearError clears the error message" classname="com.spicyhome.pos.ui.login.LoginViewModelTest" time="0.002"/>
  <testcase name="initial state has empty fields" classname="com.spicyhome.pos.ui.login.LoginViewModelTest" time="0.002"/>
  <testcase name="onPinChange caps at 6 digits" classname="com.spicyhome.pos.ui.login.LoginViewModelTest" time="0.002"/>
  <testcase name="onPinChange accepts numeric input up to 6 digits" classname="com.spicyhome.pos.ui.login.LoginViewModelTest" time="0.002"/>
  <testcase name="onUsernameChange updates username" classname="com.spicyhome.pos.ui.login.LoginViewModelTest" time="0.002"/>
  <testcase name="initial state loads saved server URL" classname="com.spicyhome.pos.ui.login.LoginViewModelTest" time="0.001"/>
  <testcase name="login without pin shows error" classname="com.spicyhome.pos.ui.login.LoginViewModelTest" time="0.002"/>
  <testcase name="onPinChange rejects non-numeric input" classname="com.spicyhome.pos.ui.login.LoginViewModelTest" time="0.001"/>
  <testcase name="logout clears auth and resets state" classname="com.spicyhome.pos.ui.login.LoginViewModelTest" time="0.002"/>
  <system-out><![CDATA[]]></system-out>
  <system-err><![CDATA[]]></system-err>
</testsuite>
